<?xml version="1.0" encoding="UTF-8"?>
<testsuite name="TestStringTemplates" tests="3" skipped="0" failures="0" errors="0" timestamp="2023-08-27T08:20:01" hostname="SIMON" time="0.023">
  <properties/>
  <testcase name="match1" classname="TestStringTemplates" time="0.015"/>
  <testcase name="match" classname="TestStringTemplates" time="0.004"/>
  <testcase name="doNotMatch" classname="TestStringTemplates" time="0.003"/>
  <system-out><![CDATA[]]></system-out>
  <system-err><![CDATA[]]></system-err>
</testsuite>
