<?xml version="1.0" encoding="UTF-8"?>
<testsuite name="Test" tests="1" skipped="0" failures="0" errors="0" timestamp="2023-08-27T07:59:59" hostname="SIMON" time="0.005">
  <properties/>
  <testcase name="testSolution" classname="Test" time="0.005"/>
  <system-out><![CDATA[]]></system-out>
  <system-err><![CDATA[]]></system-err>
</testsuite>
